<?xml version="1.0" encoding="UTF-8"?>
<testng-results total="1" passed="1" failed="0" skipped="0">
  <reporter-output>
  </reporter-output>
  <suite started-at="2024-09-18T11:35:40Z" name="TS-7 April-07-2014" finished-at="2024-09-18T11:35:40Z" duration-ms="9">
    <groups>
    </groups>
    <test started-at="2024-09-18T11:35:40Z" name="testFactory" finished-at="2024-09-18T11:35:40Z" duration-ms="9">
      <class name="mvnreport.mvnreport.AppTest">
        <test-method signature="sampleTest()[pri:0, instance:mvnreport.mvnreport.AppTest@bcec361]" started-at="2024-09-18T17:05:40Z" name="sampleTest" finished-at="2024-09-18T17:05:40Z" duration-ms="4" status="PASS">
          <reporter-output>
          </reporter-output>
        </test-method> <!-- sampleTest -->
      </class> <!-- mvnreport.mvnreport.AppTest -->
    </test> <!-- testFactory -->
  </suite> <!-- TS-7 April-07-2014 -->
</testng-results>
